1638681776.831275 client started (30800): version 3.1b, socket /tmp/tmux-1047/default, protocol 8
1638681776.831285 on Linux 4.15.0-72-generic #81-Ubuntu SMP Tue Nov 26 12:20:02 UTC 2019; libevent 2.1.11-stable (poll)
1638681776.831300 socket is /tmp/tmux-1047/default
1638681776.831308 trying connect
1638681776.831364 add peer 0x56161ed616d0: 6 ((nil))
1638681776.831541 sending message 100 to peer 0x56161ed616d0 (4 bytes)
1638681776.831545 sending message 101 to peer 0x56161ed616d0 (16 bytes)
1638681776.831547 sending message 102 to peer 0x56161ed616d0 (12 bytes)
1638681776.831549 sending message 108 to peer 0x56161ed616d0 (36 bytes)
1638681776.831552 sending message 104 to peer 0x56161ed616d0 (0 bytes)
1638681776.831554 sending message 107 to peer 0x56161ed616d0 (4 bytes)
1638681776.831556 sending message 105 to peer 0x56161ed616d0 (41 bytes)
1638681776.831558 sending message 105 to peer 0x56161ed616d0 (49 bytes)
1638681776.831560 sending message 105 to peer 0x56161ed616d0 (38 bytes)
1638681776.831562 sending message 105 to peer 0x56161ed616d0 (20 bytes)
1638681776.831564 sending message 105 to peer 0x56161ed616d0 (47 bytes)
1638681776.831566 sending message 105 to peer 0x56161ed616d0 (44 bytes)
1638681776.831574 sending message 105 to peer 0x56161ed616d0 (45 bytes)
1638681776.831576 sending message 105 to peer 0x56161ed616d0 (13 bytes)
1638681776.831578 sending message 105 to peer 0x56161ed616d0 (18 bytes)
1638681776.831580 sending message 105 to peer 0x56161ed616d0 (17 bytes)
1638681776.831582 sending message 105 to peer 0x56161ed616d0 (19 bytes)
1638681776.831585 sending message 105 to peer 0x56161ed616d0 (26 bytes)
1638681776.831587 sending message 105 to peer 0x56161ed616d0 (117 bytes)
1638681776.831589 sending message 105 to peer 0x56161ed616d0 (8 bytes)
1638681776.831591 sending message 105 to peer 0x56161ed616d0 (17 bytes)
1638681776.831593 sending message 105 to peer 0x56161ed616d0 (32 bytes)
1638681776.831595 sending message 105 to peer 0x56161ed616d0 (1516 bytes)
1638681776.831598 sending message 105 to peer 0x56161ed616d0 (24 bytes)
1638681776.831600 sending message 105 to peer 0x56161ed616d0 (58 bytes)
1638681776.831602 sending message 105 to peer 0x56161ed616d0 (43 bytes)
1638681776.831604 sending message 105 to peer 0x56161ed616d0 (10 bytes)
1638681776.831606 sending message 105 to peer 0x56161ed616d0 (12 bytes)
1638681776.831622 sending message 105 to peer 0x56161ed616d0 (11 bytes)
1638681776.831624 sending message 105 to peer 0x56161ed616d0 (995 bytes)
1638681776.831627 sending message 105 to peer 0x56161ed616d0 (40 bytes)
1638681776.831629 sending message 105 to peer 0x56161ed616d0 (19 bytes)
1638681776.831646 sending message 105 to peer 0x56161ed616d0 (8 bytes)
1638681776.831649 sending message 105 to peer 0x56161ed616d0 (35 bytes)
1638681776.831651 sending message 105 to peer 0x56161ed616d0 (51 bytes)
1638681776.831653 sending message 105 to peer 0x56161ed616d0 (19 bytes)
1638681776.831655 sending message 105 to peer 0x56161ed616d0 (14 bytes)
1638681776.831657 sending message 105 to peer 0x56161ed616d0 (21 bytes)
1638681776.831659 sending message 105 to peer 0x56161ed616d0 (36 bytes)
1638681776.831661 sending message 105 to peer 0x56161ed616d0 (15 bytes)
1638681776.831663 sending message 105 to peer 0x56161ed616d0 (55 bytes)
1638681776.831666 sending message 105 to peer 0x56161ed616d0 (14 bytes)
1638681776.831668 sending message 105 to peer 0x56161ed616d0 (37 bytes)
1638681776.831670 sending message 105 to peer 0x56161ed616d0 (65 bytes)
1638681776.831672 sending message 105 to peer 0x56161ed616d0 (31 bytes)
1638681776.831674 sending message 105 to peer 0x56161ed616d0 (20 bytes)
1638681776.831676 sending message 105 to peer 0x56161ed616d0 (30 bytes)
1638681776.831678 sending message 105 to peer 0x56161ed616d0 (32 bytes)
1638681776.831680 sending message 105 to peer 0x56161ed616d0 (21 bytes)
1638681776.831682 sending message 105 to peer 0x56161ed616d0 (69 bytes)
1638681776.831684 sending message 105 to peer 0x56161ed616d0 (53 bytes)
1638681776.831686 sending message 105 to peer 0x56161ed616d0 (44 bytes)
1638681776.831696 sending message 105 to peer 0x56161ed616d0 (36 bytes)
1638681776.831698 sending message 105 to peer 0x56161ed616d0 (22 bytes)
1638681776.831700 sending message 105 to peer 0x56161ed616d0 (25 bytes)
1638681776.831702 sending message 105 to peer 0x56161ed616d0 (23 bytes)
1638681776.831704 sending message 105 to peer 0x56161ed616d0 (19 bytes)
1638681776.831706 sending message 105 to peer 0x56161ed616d0 (21 bytes)
1638681776.831708 sending message 105 to peer 0x56161ed616d0 (22 bytes)
1638681776.831710 sending message 105 to peer 0x56161ed616d0 (18 bytes)
1638681776.831712 sending message 105 to peer 0x56161ed616d0 (26 bytes)
1638681776.831714 sending message 105 to peer 0x56161ed616d0 (30 bytes)
1638681776.831716 sending message 105 to peer 0x56161ed616d0 (36 bytes)
1638681776.831718 sending message 105 to peer 0x56161ed616d0 (23 bytes)
1638681776.831720 sending message 105 to peer 0x56161ed616d0 (61 bytes)
1638681776.831722 sending message 105 to peer 0x56161ed616d0 (46 bytes)
1638681776.831724 sending message 105 to peer 0x56161ed616d0 (19 bytes)
1638681776.831726 sending message 105 to peer 0x56161ed616d0 (77 bytes)
1638681776.831729 sending message 105 to peer 0x56161ed616d0 (19 bytes)
1638681776.831731 sending message 105 to peer 0x56161ed616d0 (68 bytes)
1638681776.831733 sending message 105 to peer 0x56161ed616d0 (55 bytes)
1638681776.831735 sending message 105 to peer 0x56161ed616d0 (7 bytes)
1638681776.831737 sending message 105 to peer 0x56161ed616d0 (11 bytes)
1638681776.831739 sending message 105 to peer 0x56161ed616d0 (63 bytes)
1638681776.831741 sending message 105 to peer 0x56161ed616d0 (14 bytes)
1638681776.831743 sending message 105 to peer 0x56161ed616d0 (48 bytes)
1638681776.831745 sending message 105 to peer 0x56161ed616d0 (23 bytes)
1638681776.831747 sending message 105 to peer 0x56161ed616d0 (35 bytes)
1638681776.831749 sending message 106 to peer 0x56161ed616d0 (0 bytes)
1638681776.831752 cmd_pack_argv: argv[0]=apply
1638681776.831754 sending message 200 to peer 0x56161ed616d0 (10 bytes)
1638681776.831756 client loop enter
1638681776.832133 peer 0x56161ed616d0 message 303
1638681776.832135 open write file 2 -
1638681776.832145 sending message 305 to peer 0x56161ed616d0 (8 bytes)
1638681776.832256 peer 0x56161ed616d0 message 304
1638681776.832259 write 23 to file 2
1638681776.832263 peer 0x56161ed616d0 message 203
1638681776.832265 file 2 23 bytes left
1638681776.832276 client loop exit
